01/09/2019 10:15:31 - INFO: global step 0, cost: 9.160834
01/09/2019 10:15:54 - INFO: MAP@ 10 : 0.003267
01/09/2019 10:15:56 - INFO: NDCG@ 10 : 0.028167
01/09/2019 10:15:56 - INFO: Precision@ 10 : 0.012856
01/09/2019 10:15:56 - INFO: Recall@ 10 : 0.013595
01/09/2019 10:15:57 - INFO: MAP@ 50 : 0.002144
01/09/2019 10:15:58 - INFO: NDCG@ 50 : 0.066150
01/09/2019 10:15:58 - INFO: Precision@ 50 : 0.009646
01/09/2019 10:15:58 - INFO: Recall@ 50 : 0.021749
01/09/2019 10:16:00 - INFO: MAP@ 100 : 0.002358
01/09/2019 10:16:01 - INFO: NDCG@ 100 : 0.092617
01/09/2019 10:16:01 - INFO: Precision@ 100 : 0.008287
01/09/2019 10:16:01 - INFO: Recall@ 100 : 0.036652
01/09/2019 10:16:01 - INFO: MRR: 0.042742
01/09/2019 10:16:01 - INFO: time used: 31 seconds.
01/09/2019 10:16:26 - INFO: global step 20, cost: 8.624850
01/09/2019 10:16:51 - INFO: global step 40, cost: 7.942185
01/09/2019 10:17:28 - INFO: MAP@ 10 : 0.123146
01/09/2019 10:17:30 - INFO: NDCG@ 10 : 0.248211
01/09/2019 10:17:30 - INFO: Precision@ 10 : 0.212625
01/09/2019 10:17:30 - INFO: Recall@ 10 : 0.232844
01/09/2019 10:17:33 - INFO: MAP@ 50 : 0.082260
01/09/2019 10:17:35 - INFO: NDCG@ 50 : 0.324278
01/09/2019 10:17:35 - INFO: Precision@ 50 : 0.119623
01/09/2019 10:17:35 - INFO: Recall@ 50 : 0.270275
01/09/2019 10:17:38 - INFO: MAP@ 100 : 0.086985
01/09/2019 10:17:40 - INFO: NDCG@ 100 : 0.400377
01/09/2019 10:17:40 - INFO: Precision@ 100 : 0.086717
01/09/2019 10:17:40 - INFO: Recall@ 100 : 0.381562
01/09/2019 10:17:40 - INFO: MRR: 0.402543
01/09/2019 10:17:40 - INFO: time used: 130 seconds.
01/09/2019 10:17:52 - INFO: global step 60, cost: 7.377504
01/09/2019 10:18:16 - INFO: global step 80, cost: 7.225597
01/09/2019 10:18:41 - INFO: global step 100, cost: 7.026661
01/09/2019 10:19:06 - INFO: MAP@ 10 : 0.130351
01/09/2019 10:19:08 - INFO: NDCG@ 10 : 0.256104
01/09/2019 10:19:08 - INFO: Precision@ 10 : 0.212587
01/09/2019 10:19:08 - INFO: Recall@ 10 : 0.230122
01/09/2019 10:19:11 - INFO: MAP@ 50 : 0.091885
01/09/2019 10:19:13 - INFO: NDCG@ 50 : 0.341125
01/09/2019 10:19:13 - INFO: Precision@ 50 : 0.129269
01/09/2019 10:19:13 - INFO: Recall@ 50 : 0.295709
01/09/2019 10:19:16 - INFO: MAP@ 100 : 0.095107
01/09/2019 10:19:18 - INFO: NDCG@ 100 : 0.415683
01/09/2019 10:19:18 - INFO: Precision@ 100 : 0.091848
01/09/2019 10:19:19 - INFO: Recall@ 100 : 0.402786
01/09/2019 10:19:19 - INFO: MRR: 0.439480
01/09/2019 10:19:19 - INFO: time used: 228 seconds.
01/09/2019 22:33:11 - INFO: global step 0, cost: 9.160834
01/09/2019 22:34:09 - INFO: global step 0, cost: 9.160834
01/09/2019 22:34:35 - INFO: MAP@ 10 : 0.003267
01/09/2019 22:34:36 - INFO: NDCG@ 10 : 0.028167
01/09/2019 22:34:36 - INFO: Precision@ 10 : 0.012856
01/09/2019 22:34:36 - INFO: Recall@ 10 : 0.013595
01/09/2019 22:34:37 - INFO: MAP@ 50 : 0.002144
01/09/2019 22:34:39 - INFO: NDCG@ 50 : 0.066150
01/09/2019 22:34:39 - INFO: Precision@ 50 : 0.009646
01/09/2019 22:34:39 - INFO: Recall@ 50 : 0.021749
01/09/2019 22:34:40 - INFO: MAP@ 100 : 0.002358
01/09/2019 22:34:41 - INFO: NDCG@ 100 : 0.092617
01/09/2019 22:34:41 - INFO: Precision@ 100 : 0.008287
01/09/2019 22:34:41 - INFO: Recall@ 100 : 0.036652
01/09/2019 22:34:41 - INFO: MRR: 0.042742
01/09/2019 22:34:41 - INFO: time used: 33 seconds.
01/09/2019 22:35:08 - INFO: global step 20, cost: 8.624850
01/09/2019 22:35:34 - INFO: global step 40, cost: 7.942185
01/09/2019 22:36:13 - INFO: MAP@ 10 : 0.123146
01/09/2019 22:36:15 - INFO: NDCG@ 10 : 0.248211
01/09/2019 22:36:15 - INFO: Precision@ 10 : 0.212625
01/09/2019 22:36:15 - INFO: Recall@ 10 : 0.232844
01/09/2019 22:36:18 - INFO: MAP@ 50 : 0.082260
01/09/2019 22:36:20 - INFO: NDCG@ 50 : 0.324278
01/09/2019 22:36:20 - INFO: Precision@ 50 : 0.119623
01/09/2019 22:36:20 - INFO: Recall@ 50 : 0.270275
01/09/2019 22:36:24 - INFO: MAP@ 100 : 0.086985
01/09/2019 22:36:26 - INFO: NDCG@ 100 : 0.400377
01/09/2019 22:36:26 - INFO: Precision@ 100 : 0.086717
01/09/2019 22:36:26 - INFO: Recall@ 100 : 0.381562
01/09/2019 22:36:26 - INFO: MRR: 0.402543
01/09/2019 22:36:26 - INFO: time used: 138 seconds.
01/09/2019 22:36:41 - INFO: global step 60, cost: 7.377504
