01/10/2019 13:48:43 - INFO: global step 0, cost: 9.160834
01/10/2019 13:49:07 - INFO: MAP@ 10 : 0.003267
01/10/2019 13:49:10 - INFO: NDCG@ 10 : 0.028167
01/10/2019 13:49:10 - INFO: Precision@ 10 : 0.012856
01/10/2019 13:49:10 - INFO: Recall@ 10 : 0.013595
01/10/2019 13:49:14 - INFO: MAP@ 50 : 0.002144
01/10/2019 13:49:16 - INFO: NDCG@ 50 : 0.066150
01/10/2019 13:49:16 - INFO: Precision@ 50 : 0.009646
01/10/2019 13:49:16 - INFO: Recall@ 50 : 0.021749
01/10/2019 13:49:20 - INFO: MAP@ 100 : 0.002358
01/10/2019 13:49:23 - INFO: NDCG@ 100 : 0.092617
01/10/2019 13:49:23 - INFO: Precision@ 100 : 0.008287
01/10/2019 13:49:23 - INFO: Recall@ 100 : 0.036652
01/10/2019 13:49:23 - INFO: MRR: 0.042742
01/10/2019 13:49:23 - INFO: time used: 42 seconds.
01/10/2019 13:49:52 - INFO: global step 20, cost: 8.624850
01/10/2019 13:52:22 - INFO: global step 0, cost: 9.160834
01/10/2019 13:52:43 - INFO: MAP@ 10 : 0.003267
01/10/2019 13:52:45 - INFO: NDCG@ 10 : 0.028167
01/10/2019 13:52:45 - INFO: Precision@ 10 : 0.012856
01/10/2019 13:52:45 - INFO: Recall@ 10 : 0.013595
01/10/2019 13:52:47 - INFO: MAP@ 50 : 0.002144
01/10/2019 13:52:48 - INFO: NDCG@ 50 : 0.066150
01/10/2019 13:52:48 - INFO: Precision@ 50 : 0.009646
01/10/2019 13:52:48 - INFO: Recall@ 50 : 0.021749
01/10/2019 13:52:49 - INFO: MAP@ 100 : 0.002358
01/10/2019 13:52:50 - INFO: NDCG@ 100 : 0.092617
01/10/2019 13:52:51 - INFO: Precision@ 100 : 0.008287
01/10/2019 13:52:51 - INFO: Recall@ 100 : 0.036652
01/10/2019 13:52:51 - INFO: MRR: 0.042742
01/10/2019 13:52:51 - INFO: time used: 70 seconds.
01/10/2019 13:53:19 - INFO: global step 20, cost: 8.624850
