01/08/2019 18:45:10 - INFO: global step 0, cost: 9.160834
01/08/2019 18:45:37 - INFO: MAP@ 10 : 0.003267
01/08/2019 18:45:38 - INFO: NDCG@ 10 : 0.028167
01/08/2019 18:45:38 - INFO: Precision@ 10 : 0.012856
01/08/2019 18:45:38 - INFO: Recall@ 10 : 0.013595
01/08/2019 18:45:40 - INFO: MAP@ 50 : 0.002144
01/08/2019 18:45:41 - INFO: NDCG@ 50 : 0.066150
01/08/2019 18:45:41 - INFO: Precision@ 50 : 0.009646
01/08/2019 18:45:41 - INFO: Recall@ 50 : 0.021749
01/08/2019 18:45:43 - INFO: MAP@ 100 : 0.002358
01/08/2019 18:45:44 - INFO: NDCG@ 100 : 0.092617
01/08/2019 18:45:44 - INFO: Precision@ 100 : 0.008287
01/08/2019 18:45:44 - INFO: Recall@ 100 : 0.036652
01/08/2019 18:45:44 - INFO: MRR: 0.042742
01/08/2019 18:45:44 - INFO: time used: 40 seconds.
01/08/2019 18:46:10 - INFO: global step 20, cost: 8.624850
01/08/2019 18:46:40 - INFO: global step 40, cost: 7.942185
01/08/2019 18:47:20 - INFO: MAP@ 10 : 0.123146
01/08/2019 18:47:22 - INFO: NDCG@ 10 : 0.248211
01/08/2019 18:47:22 - INFO: Precision@ 10 : 0.212625
01/08/2019 18:47:22 - INFO: Recall@ 10 : 0.232844
01/08/2019 18:47:25 - INFO: MAP@ 50 : 0.082260
01/08/2019 18:47:27 - INFO: NDCG@ 50 : 0.324278
01/08/2019 18:47:27 - INFO: Precision@ 50 : 0.119623
01/08/2019 18:47:27 - INFO: Recall@ 50 : 0.270275
01/08/2019 18:47:30 - INFO: MAP@ 100 : 0.086985
01/08/2019 18:47:32 - INFO: NDCG@ 100 : 0.400377
01/08/2019 18:47:33 - INFO: Precision@ 100 : 0.086717
01/08/2019 18:47:33 - INFO: Recall@ 100 : 0.381562
01/08/2019 18:47:33 - INFO: MRR: 0.402543
01/08/2019 18:47:33 - INFO: time used: 148 seconds.
01/08/2019 18:50:40 - INFO: global step 0, cost: 9.160834
01/08/2019 18:51:04 - INFO: MAP@ 10 : 0.003267
01/08/2019 18:51:05 - INFO: NDCG@ 10 : 0.028167
01/08/2019 18:51:05 - INFO: Precision@ 10 : 0.012856
01/08/2019 18:51:05 - INFO: Recall@ 10 : 0.013595
01/08/2019 18:51:07 - INFO: MAP@ 50 : 0.002144
01/08/2019 18:51:08 - INFO: NDCG@ 50 : 0.066150
01/08/2019 18:51:08 - INFO: Precision@ 50 : 0.009646
01/08/2019 18:51:08 - INFO: Recall@ 50 : 0.021749
01/08/2019 18:51:09 - INFO: MAP@ 100 : 0.002358
01/08/2019 18:51:11 - INFO: NDCG@ 100 : 0.092617
01/08/2019 18:51:11 - INFO: Precision@ 100 : 0.008287
01/08/2019 18:51:11 - INFO: Recall@ 100 : 0.036652
01/08/2019 18:51:11 - INFO: MRR: 0.042742
01/08/2019 18:51:11 - INFO: time used: 32 seconds.
01/08/2019 18:51:36 - INFO: global step 20, cost: 8.624850
01/08/2019 18:52:01 - INFO: global step 40, cost: 7.942185
01/08/2019 18:52:39 - INFO: MAP@ 10 : 0.123146
01/08/2019 18:52:41 - INFO: NDCG@ 10 : 0.248211
01/08/2019 18:52:41 - INFO: Precision@ 10 : 0.212625
01/08/2019 18:52:41 - INFO: Recall@ 10 : 0.232844
01/08/2019 18:52:44 - INFO: MAP@ 50 : 0.082260
01/08/2019 18:52:46 - INFO: NDCG@ 50 : 0.324278
01/08/2019 18:52:46 - INFO: Precision@ 50 : 0.119623
01/08/2019 18:52:46 - INFO: Recall@ 50 : 0.270275
01/08/2019 18:52:49 - INFO: MAP@ 100 : 0.086985
01/08/2019 18:52:52 - INFO: NDCG@ 100 : 0.400377
01/08/2019 18:52:52 - INFO: Precision@ 100 : 0.086717
01/08/2019 18:52:52 - INFO: Recall@ 100 : 0.381562
01/08/2019 18:52:52 - INFO: MRR: 0.402543
01/08/2019 18:52:52 - INFO: time used: 133 seconds.
01/08/2019 18:53:04 - INFO: global step 60, cost: 7.377504
01/08/2019 18:53:29 - INFO: global step 80, cost: 7.225597
01/08/2019 18:53:55 - INFO: global step 100, cost: 7.026661
01/08/2019 18:54:20 - INFO: MAP@ 10 : 0.130351
01/08/2019 18:54:22 - INFO: NDCG@ 10 : 0.256104
01/08/2019 18:54:22 - INFO: Precision@ 10 : 0.212587
01/08/2019 18:54:22 - INFO: Recall@ 10 : 0.230122
01/08/2019 18:54:25 - INFO: MAP@ 50 : 0.091885
01/08/2019 18:54:27 - INFO: NDCG@ 50 : 0.341125
01/08/2019 18:54:27 - INFO: Precision@ 50 : 0.129269
01/08/2019 18:54:27 - INFO: Recall@ 50 : 0.295709
01/08/2019 18:54:30 - INFO: MAP@ 100 : 0.095107
01/08/2019 18:54:32 - INFO: NDCG@ 100 : 0.415683
01/08/2019 18:54:32 - INFO: Precision@ 100 : 0.091848
01/08/2019 18:54:32 - INFO: Recall@ 100 : 0.402786
01/08/2019 18:54:33 - INFO: MRR: 0.439480
01/08/2019 18:54:33 - INFO: time used: 233 seconds.
